<?xml version="1.0" encoding="UTF-8"?>
<!-- Generated by org.testng.reporters.JUnitXMLReporter -->
<testsuite ignored="0" hostname="DESKTOP-44VVFN8" failures="0" tests="4" name="Test" time="7.611" errors="0" timestamp="2024-11-23T14:13:57 IST">
  <testcase classname="APIChaining.CreateUser" name="createUser" time="4.743"/>
  <testcase classname="APIChaining.GetUser" name="getUser" time="0.914"/>
  <testcase classname="APIChaining.UpdateUser" name="updateUser" time="0.8"/>
  <testcase classname="APIChaining.DeleteUser" name="deleteUser" time="1.068"/>
</testsuite> <!-- Test -->
