<?xml version="1.0" encoding="UTF-8"?>
<!-- Generated by org.testng.reporters.JUnitXMLReporter -->
<testsuite ignored="0" hostname="DESKTOP-44VVFN8" failures="0" tests="4" name="Test" time="18.243" errors="0" timestamp="2025-03-21T18:06:04 IST">
  <testcase classname="APIChaining.CreateUser" name="createUser" time="9.779"/>
  <testcase classname="APIChaining.GetUser" name="getUser" time="2.271"/>
  <testcase classname="APIChaining.UpdateUser" name="updateUser" time="5.057"/>
  <testcase classname="APIChaining.DeleteUser" name="deleteUser" time="1.084"/>
</testsuite> <!-- Test -->
