<?xml version="1.0" encoding="UTF-8"?>
<testsuite xmlns:xsi="http://www.w3.org/2001/XMLSchema-instance" xsi:noNamespaceSchemaLocation="https://maven.apache.org/surefire/maven-surefire-plugin/xsd/surefire-test-report.xsd" version="3.0.2" name="TestSuite" time="18.93" tests="4" errors="0" skipped="0" failures="0">
  <properties>
[...]
</properties>
  <testcase name="createUser[org.testng.TestRunner@4c178a76](1)" classname="APIChaining.CreateUser" time="9.779">
    <system-err><![CDATA[SLF4J: Failed to load class "org.slf4j.impl.StaticLoggerBinder".
SLF4J: Defaulting to no-operation (NOP) logger implementation
SLF4J: See http://www.slf4j.org/codes.html#StaticLoggerBinder for further details.
]]></system-err>
  </testcase>
  <testcase name="getUser[org.testng.TestRunner@4c178a76](1)" classname="APIChaining.GetUser" time="2.29">
    <system-out><![CDATA[HTTP/1.1 200 OK
Date: Fri, 21 Mar 2025 12:35:58 GMT
Content-Type: application/json; charset=utf-8
Transfer-Encoding: chunked
Connection: keep-alive
Cache-Control: max-age=0, private, must-revalidate
etag: W/"e0ee3b8aa11919e9f8e73a89ef71adf7"
feature-policy: camera 'none'; gyroscope 'none'; microphone 'none'; usb 'none'; fullscreen 'self'
referrer-policy: strict-origin-when-cross-origin
vary: Origin
x-content-type-options: nosniff
x-download-options: noopen
x-frame-options: SAMEORIGIN
x-permitted-cross-domain-policies: none
x-ratelimit-limit: 90
x-ratelimit-remaining: 89
x-ratelimit-reset: 1
x-request-id: 92c5b25c-eb0d-43e8-b6c6-f95ad60a9cb6
x-runtime: 0.047247
x-xss-protection: 0
cf-cache-status: DYNAMIC
Report-To: {"endpoints":[{"url":"https:\/\/a.nel.cloudflare.com\/report\/v4?s=OPzGsfZYvRUoaqNTiD3lIKfHdPji7fgInLtaYViThhHaReIihG%2ByyW0o%2FHA394D1nSjpwkGlmP9zM9Uu0cY8IrdoSDdI48SRSjjVhOuU6xnFVyfMU1qD%2B9v4op5d3kQ%3D"}],"group":"cf-nel","max_age":604800}
NEL: {"success_fraction":0,"report_to":"cf-nel","max_age":604800}
Server: cloudflare
CF-RAY: 923d7dfe9af7e1a0-MRS
Content-Encoding: gzip
alt-svc: h3=":443"; ma=86400
server-timing: cfL4;desc="?proto=TCP&rtt=141141&min_rtt=141141&rtt_var=70570&sent=5&recv=7&lost=0&retrans=1&sent_bytes=3115&recv_bytes=880&delivery_rate=41150&cwnd=229&unsent_bytes=0&cid=4bf99cd1b903d109&ts=691&x=0"

{
    "id": 7786310,
    "name": "Valeria Hodkiewicz",
    "email": "kendal.emmerich@hotmail.com",
    "gender": "male",
    "status": "inactive"
}
]]></system-out>
  </testcase>
  <testcase name="updateUser[org.testng.TestRunner@4c178a76](1)" classname="APIChaining.UpdateUser" time="5.046">
    <system-out><![CDATA[HTTP/1.1 200 OK
Date: Fri, 21 Mar 2025 12:36:00 GMT
Content-Type: application/json; charset=utf-8
Transfer-Encoding: chunked
Connection: keep-alive
Cache-Control: max-age=0, private, must-revalidate
etag: W/"b123429ff91d9518138cce87e50a6e49"
feature-policy: camera 'none'; gyroscope 'none'; microphone 'none'; usb 'none'; fullscreen 'self'
referrer-policy: strict-origin-when-cross-origin
vary: Origin
x-content-type-options: nosniff
x-download-options: noopen
x-frame-options: SAMEORIGIN
x-permitted-cross-domain-policies: none
x-ratelimit-limit: 90
x-ratelimit-remaining: 89
x-ratelimit-reset: 1
x-request-id: ea04524a-8aac-455d-a433-75694c3eb83d
x-runtime: 0.084709
x-xss-protection: 0
cf-cache-status: DYNAMIC
Report-To: {"endpoints":[{"url":"https:\/\/a.nel.cloudflare.com\/report\/v4?s=0auZrn2j%2FgjJNX%2F8v1yTofYc7EK%2FHeVjslJ4rgubCGxy1c4WA5LekWaWcaDpEjY%2BQiOOLOO7KeEkVkq4DmAK9nW0%2B3fol6wG2O5LxAFzkAjJPVu%2BgM9o7QNqOjPO0vk%3D"}],"group":"cf-nel","max_age":604800}
NEL: {"success_fraction":0,"report_to":"cf-nel","max_age":604800}
Server: cloudflare
CF-RAY: 923d7e0eba21e1ed-MRS
Content-Encoding: gzip
alt-svc: h3=":443"; ma=86400
server-timing: cfL4;desc="?proto=TCP&rtt=427618&min_rtt=427618&rtt_var=213809&sent=8&recv=9&lost=0&retrans=1&sent_bytes=3115&recv_bytes=1001&delivery_rate=13582&cwnd=252&unsent_bytes=0&cid=05ac3ad30bb273bc&ts=918&x=0"

{
    "email": "carrol.kuvalis@hotmail.com",
    "name": "Miranda Baumbach",
    "gender": "male",
    "status": "inactive",
    "id": 7786310
}
]]></system-out>
  </testcase>
  <testcase name="deleteUser[org.testng.TestRunner@4c178a76](1)" classname="APIChaining.DeleteUser" time="1.083">
    <system-out><![CDATA[HTTP/1.1 204 No Content
Date: Fri, 21 Mar 2025 12:36:04 GMT
Connection: keep-alive
Cache-Control: no-cache
Feature-Policy: camera 'none'; gyroscope 'none'; microphone 'none'; usb 'none'; fullscreen 'self'
Referrer-Policy: strict-origin-when-cross-origin
Vary: Origin
X-Content-Type-Options: nosniff
X-Download-Options: noopen
X-Frame-Options: SAMEORIGIN
X-Permitted-Cross-Domain-Policies: none
X-Ratelimit-Limit: 90
X-Ratelimit-Remaining: 89
X-Ratelimit-Reset: 1
X-Request-Id: 35ffcd77-3720-4c8d-91b3-56931d87a36e
X-Runtime: 0.088428
X-Xss-Protection: 0
Cf-Cache-Status: DYNAMIC
Server: cloudflare
CF-RAY: 923d7e26da96c68f-MRS
alt-svc: h3=":443"; ma=86400
]]></system-out>
  </testcase>
</testsuite>