<?xml version="1.0" encoding="UTF-8"?>
<testng-results ignored="0" total="4" passed="4" failed="0" skipped="0">
  <reporter-output>
  </reporter-output>
  <suite started-at="2025-03-21T18:05:46 IST" name="Suite" finished-at="2025-03-21T18:06:04 IST" duration-ms="18243">
    <groups>
    </groups>
    <test started-at="2025-03-21T18:05:46 IST" name="Test" finished-at="2025-03-21T18:06:04 IST" duration-ms="18243">
      <class name="APIChaining.GetUser">
        <test-method signature="getUser(org.testng.ITestContext)[pri:0, instance:APIChaining.GetUser@1ab3a8c8]" started-at="2025-03-21T18:05:56 IST" name="getUser" finished-at="2025-03-21T18:05:58 IST" duration-ms="2271" status="PASS">
          <params>
            <param index="0">
              <value>
                <![CDATA[org.testng.TestRunner@4c178a76]]>
              </value>
            </param>
          </params>
          <reporter-output>
          </reporter-output>
        </test-method> <!-- getUser -->
      </class> <!-- APIChaining.GetUser -->
      <class name="APIChaining.UpdateUser">
        <test-method signature="updateUser(org.testng.ITestContext)[pri:0, instance:APIChaining.UpdateUser@43195e57]" started-at="2025-03-21T18:05:58 IST" name="updateUser" finished-at="2025-03-21T18:06:03 IST" duration-ms="5057" status="PASS">
          <params>
            <param index="0">
              <value>
                <![CDATA[org.testng.TestRunner@4c178a76]]>
              </value>
            </param>
          </params>
          <reporter-output>
          </reporter-output>
        </test-method> <!-- updateUser -->
      </class> <!-- APIChaining.UpdateUser -->
      <class name="APIChaining.DeleteUser">
        <test-method signature="deleteUser(org.testng.ITestContext)[pri:0, instance:APIChaining.DeleteUser@333291e3]" started-at="2025-03-21T18:06:03 IST" name="deleteUser" finished-at="2025-03-21T18:06:04 IST" duration-ms="1084" status="PASS">
          <params>
            <param index="0">
              <value>
                <![CDATA[org.testng.TestRunner@4c178a76]]>
              </value>
            </param>
          </params>
          <reporter-output>
          </reporter-output>
        </test-method> <!-- deleteUser -->
      </class> <!-- APIChaining.DeleteUser -->
      <class name="APIChaining.CreateUser">
        <test-method signature="createUser(org.testng.ITestContext)[pri:0, instance:APIChaining.CreateUser@56620197]" started-at="2025-03-21T18:05:46 IST" name="createUser" finished-at="2025-03-21T18:05:56 IST" duration-ms="9779" status="PASS">
          <params>
            <param index="0">
              <value>
                <![CDATA[org.testng.TestRunner@4c178a76]]>
              </value>
            </param>
          </params>
          <reporter-output>
          </reporter-output>
        </test-method> <!-- createUser -->
      </class> <!-- APIChaining.CreateUser -->
    </test> <!-- Test -->
  </suite> <!-- Suite -->
</testng-results>
