<?xml version="1.0" encoding="UTF-8"?>
<testng-results ignored="0" total="4" passed="4" failed="0" skipped="0">
  <reporter-output>
  </reporter-output>
  <suite started-at="2024-11-23T14:13:49 IST" name="Suite" finished-at="2024-11-23T14:13:57 IST" duration-ms="7611">
    <groups>
    </groups>
    <test started-at="2024-11-23T14:13:49 IST" name="Test" finished-at="2024-11-23T14:13:57 IST" duration-ms="7611">
      <class name="APIChaining.GetUser">
        <test-method signature="getUser(org.testng.ITestContext)[pri:0, instance:APIChaining.GetUser@235834f2]" started-at="2024-11-23T14:13:54 IST" name="getUser" finished-at="2024-11-23T14:13:55 IST" duration-ms="914" status="PASS">
          <params>
            <param index="0">
              <value>
                <![CDATA[org.testng.TestRunner@355ce81c]]>
              </value>
            </param>
          </params>
          <reporter-output>
          </reporter-output>
        </test-method> <!-- getUser -->
      </class> <!-- APIChaining.GetUser -->
      <class name="APIChaining.UpdateUser">
        <test-method signature="updateUser(org.testng.ITestContext)[pri:0, instance:APIChaining.UpdateUser@5656be13]" started-at="2024-11-23T14:13:55 IST" name="updateUser" finished-at="2024-11-23T14:13:56 IST" duration-ms="800" status="PASS">
          <params>
            <param index="0">
              <value>
                <![CDATA[org.testng.TestRunner@355ce81c]]>
              </value>
            </param>
          </params>
          <reporter-output>
          </reporter-output>
        </test-method> <!-- updateUser -->
      </class> <!-- APIChaining.UpdateUser -->
      <class name="APIChaining.DeleteUser">
        <test-method signature="deleteUser(org.testng.ITestContext)[pri:0, instance:APIChaining.DeleteUser@4218d6a3]" started-at="2024-11-23T14:13:56 IST" name="deleteUser" finished-at="2024-11-23T14:13:57 IST" duration-ms="1068" status="PASS">
          <params>
            <param index="0">
              <value>
                <![CDATA[org.testng.TestRunner@355ce81c]]>
              </value>
            </param>
          </params>
          <reporter-output>
          </reporter-output>
        </test-method> <!-- deleteUser -->
      </class> <!-- APIChaining.DeleteUser -->
      <class name="APIChaining.CreateUser">
        <test-method signature="createUser(org.testng.ITestContext)[pri:0, instance:APIChaining.CreateUser@48f2bd5b]" started-at="2024-11-23T14:13:49 IST" name="createUser" finished-at="2024-11-23T14:13:54 IST" duration-ms="4743" status="PASS">
          <params>
            <param index="0">
              <value>
                <![CDATA[org.testng.TestRunner@355ce81c]]>
              </value>
            </param>
          </params>
          <reporter-output>
          </reporter-output>
        </test-method> <!-- createUser -->
      </class> <!-- APIChaining.CreateUser -->
    </test> <!-- Test -->
  </suite> <!-- Suite -->
</testng-results>
